2025-11-03 23:48:16,019 - INFO - ======================================================================
2025-11-03 23:48:16,021 - INFO - PRODUCTION-GRADE AUDIO PREPROCESSING PIPELINE
2025-11-03 23:48:16,023 - INFO - ======================================================================
2025-11-03 23:49:59,805 - INFO - ======================================================================
2025-11-03 23:49:59,807 - INFO - PRODUCTION-GRADE AUDIO PREPROCESSING PIPELINE
2025-11-03 23:49:59,822 - INFO - ======================================================================
2025-11-03 23:50:34,296 - INFO - ======================================================================
2025-11-03 23:50:34,298 - INFO - PRODUCTION-GRADE AUDIO PREPROCESSING PIPELINE
2025-11-03 23:50:34,299 - INFO - ======================================================================
2025-11-03 23:54:40,481 - INFO - ======================================================================
2025-11-03 23:54:40,483 - INFO - PRODUCTION-GRADE AUDIO PREPROCESSING PIPELINE
2025-11-03 23:54:40,484 - INFO - ======================================================================
2025-11-03 23:55:00,044 - INFO - ======================================================================
2025-11-03 23:55:00,046 - INFO - PRODUCTION-GRADE AUDIO PREPROCESSING PIPELINE
2025-11-03 23:55:00,047 - INFO - ======================================================================
2025-11-03 23:56:30,090 - INFO - ======================================================================
2025-11-03 23:56:30,091 - INFO - PRODUCTION-GRADE AUDIO PREPROCESSING PIPELINE
2025-11-03 23:56:30,093 - INFO - ======================================================================
2025-11-04 00:00:22,513 - INFO - ======================================================================
2025-11-04 00:00:22,516 - INFO - PRODUCTION-GRADE AUDIO PREPROCESSING PIPELINE
2025-11-04 00:00:22,517 - INFO - ======================================================================
2025-11-04 00:00:23,832 - INFO - ======================================================================
2025-11-04 00:00:23,834 - INFO - Computing Adaptive Thresholds
2025-11-04 00:00:23,836 - INFO - ======================================================================
2025-11-04 00:00:23,889 - INFO - 
RMS Distribution (dB):
2025-11-04 00:00:23,891 - INFO -   Mean: -24.78
2025-11-04 00:00:23,892 - INFO -   Median: -25.63
2025-11-04 00:00:23,894 - INFO -   5th percentile: -39.83
2025-11-04 00:00:23,896 - INFO -   95th percentile: -13.45
2025-11-04 00:00:23,918 - INFO - 
======================================================================
2025-11-04 00:00:23,920 - INFO - Splitting Data (Train/Validation)
2025-11-04 00:00:23,922 - INFO - ======================================================================
2025-11-04 00:00:23,953 - INFO - 
Split by category:
2025-11-04 00:00:23,956 - INFO -   Alarm_Clock    : Train= 42, Val=  8
2025-11-04 00:00:23,959 - INFO -   Car_Horn       : Train=  0, Val=  0
2025-11-04 00:00:23,967 - INFO -   Glass_Breaking : Train=  0, Val=  0
2025-11-04 00:00:23,973 - INFO -   Gunshot        : Train=  0, Val=  0
2025-11-04 00:00:23,978 - INFO -   Siren          : Train=  0, Val=  0
2025-11-04 00:00:23,983 - INFO - 
======================================================================
2025-11-04 00:00:23,986 - INFO - Processing All Audio Files
2025-11-04 00:00:23,988 - INFO - ======================================================================
2025-11-04 00:00:27,476 - INFO - 
======================================================================
2025-11-04 00:00:27,478 - INFO - Validating Data Integrity
2025-11-04 00:00:27,481 - INFO - ======================================================================
2025-11-04 00:00:27,505 - INFO - 
======================================================================
2025-11-04 00:00:27,506 - INFO - PREPROCESSING COMPLETE - QUALITY REPORT
2025-11-04 00:00:27,508 - INFO - ======================================================================
2025-11-04 00:00:27,519 - INFO -   Files processed: 47
2025-11-04 00:00:27,521 - INFO -   Files failed: 0
2025-11-04 00:00:27,523 - INFO -   Files skipped (silent/short): 3
2025-11-04 00:00:27,524 - INFO -   Frames created: 141
2025-11-04 00:00:27,525 - INFO -   Augmentations created: 3
2025-11-04 00:00:27,527 - INFO -   Augmentations rejected: 93
2025-11-04 00:00:27,531 - INFO -   Augmentation ratio: 0.02x
2025-11-04 00:00:27,539 - INFO -   Total samples: 144
2025-11-04 00:00:27,543 - INFO -   Original frames: 141
2025-11-04 00:00:27,549 - INFO -   Augmented frames: 3
2025-11-04 00:00:27,568 - INFO - 
category    Alarm_Clock
split                  
train               123
validation           21
2025-11-04 00:00:27,584 - INFO - 
category
Alarm_Clock    123
Name: count, dtype: int64
2025-11-04 00:00:27,587 - INFO - 
Balance ratio (max/min): 1.00
2025-11-04 00:00:27,619 - INFO - 
                rms_db                 lufs           spectral_centroid_hz  \
                  mean       std       mean       std                 mean   
category                                                                     
Alarm_Clock -21.252211  2.244094 -23.237322  1.624062          2833.187165   

                         
                    std  
category                 
Alarm_Clock  743.331402  
2025-11-04 00:00:27,626 - INFO -   Max amplitude range: [0.114, 0.950]
2025-11-04 00:00:27,631 - INFO -   RMS range (dB): [-34.1, -12.4]
2025-11-04 00:00:27,644 - INFO -   Space used: -0.06GB
2025-11-04 00:00:27,684 - INFO -   Remaining free: 6.71GB
2025-11-04 00:00:27,842 - INFO - 
======================================================================
2025-11-04 00:00:27,844 - INFO - VALIDATION SUITE
2025-11-04 00:00:27,847 - INFO - ======================================================================
2025-11-04 00:00:27,866 - INFO -   Training files: 40
2025-11-04 00:00:27,868 - INFO -   Validation files: 7
2025-11-04 00:00:27,870 - INFO -   Overlap: 0
2025-11-04 00:00:28,301 - INFO - 
Diversity (1 - |correlation|):
2025-11-04 00:00:28,303 - INFO -   Mean: 0.0968
2025-11-04 00:00:28,304 - INFO -   Range: [0.0502, 0.1435]
2025-11-04 00:00:28,307 - INFO - 
RMS Preservation (% difference):
2025-11-04 00:00:28,308 - INFO -   Mean: 2.23%
2025-11-04 00:00:28,312 - INFO -   95th percentile: 2.44%
2025-11-04 00:00:28,359 - INFO - 
Category distribution:
2025-11-04 00:00:28,365 - INFO - Category        Train    Val
2025-11-04 00:00:28,368 - INFO - Alarm_Clock     100.0%  100.0%
2025-11-04 00:02:57,325 - INFO - Starting preprocessing...
2025-11-04 00:02:57,344 - WARNING - Test mode: processing 10 files only
